Player One Guessed A1.
Miss!
Player Two Guessed J9
Miss!
Player One Guessed B2.
Miss!
Player Two Guessed I4
Hit!
Player One Guessed C3.
Miss!
Player Two Guessed I5
Miss!
Player One Guessed D4.
Miss!
Player Two Guessed I3
Miss!
Player One Guessed E5.
Hit!
Player Two Guessed J4
Miss!
Player One Guessed F5.
Hit!
Player Two Guessed H4
Hit!
SHIP SUNK!
Player One Guessed G5.
Hit!
Player Two Guessed H5
Miss!
Player One Guessed H5.
Miss!
Player Two Guessed H3
Miss!
Player One Guessed D5.
Hit!
Player Two Guessed G4
Miss!
Player One Guessed C5.
Hit!
SHIP SUNK!
Player Two Guessed A4
Hit!
Player One Guessed F6.
Miss!
Player Two Guessed A5
Hit!
Player One Guessed G7.
Miss!
Player Two Guessed A3
Hit!
SHIP SUNK!
Player One Guessed H8.
Miss!
Player Two Guessed A2
Miss!
Player One Guessed I9.
Miss!
Player Two Guessed B3
Hit!
Player One Guessed J10.
Miss!
Player Two Guessed B4
Miss!
Player One Guessed J1.
Miss!
Player Two Guessed B2
Miss!
Player One Guessed I2.
Miss!
Player Two Guessed C3
Hit!
Player One Guessed H3.
Miss!
Player Two Guessed C4
Miss!
Player One Guessed G4.
Miss!
Player Two Guessed C2
Miss!
Player One Guessed E6.
Miss!
Player Two Guessed D3
Hit!
Player One Guessed D7.
Miss!
Player Two Guessed D4
Miss!
Player One Guessed C8.
Miss!
Player Two Guessed D2
Miss!
Player One Guessed B9.
Miss!
Player Two Guessed E3
Hit!
SHIP SUNK!
Player One Guessed A10.
Miss!
Player Two Guessed E4
Miss!
Player One Guessed D1.
Miss!
Player Two Guessed E2
Miss!
Player One Guessed E2.
Miss!
Player Two Guessed F3
Miss!
Player One Guessed F3.
Miss!
Player Two Guessed A6
Miss!
Player One Guessed G1.
Hit!
Player Two Guessed B5
Miss!
Player One Guessed H1.
Miss!
Player Two Guessed H1
Miss!
Player One Guessed F1.
Miss!
Player Two Guessed F7
Miss!
Player One Guessed G2.
Hit!
SHIP SUNK!
Player Two Guessed E10
Miss!
Player One Guessed J3.
Miss!
Player Two Guessed A10
Miss!
Player One Guessed I4.
Miss!
Player Two Guessed B7
Miss!
Player One Guessed I6.
Miss!
Player Two Guessed I2
Miss!
Player One Guessed J7.
Miss!
Player Two Guessed I10
Miss!
Player One Guessed A4.
Miss!
Player Two Guessed J1
Miss!
Player One Guessed B5.
Miss!
Player Two Guessed B9
Miss!
Player One Guessed C6.
Miss!
Player Two Guessed G6
Miss!
Player One Guessed E8.
Miss!
Player Two Guessed D1
Hit!
Player One Guessed F9.
Hit!
Player Two Guessed E1
Hit!
Player One Guessed G9.
Hit!
Player Two Guessed C1
Hit!
Player One Guessed H9.
Miss!
Player Two Guessed B1
Hit!
Player One Guessed E9.
Hit!
SHIP SUNK!
Player Two Guessed A1
Miss!
Player One Guessed G10.
Hit!
Player Two Guessed F1
Hit!
SHIP SUNK!
Player One Guessed I10.
Hit!
Player Two Guessed F2
Miss!
Player One Guessed H10.
Hit!
SHIP SUNK!
Player Two Guessed G1
Miss!
Player One Guessed D10.
Hit!
Player Two Guessed E8
Miss!
Player One Guessed B10.
Miss!
Player Two Guessed A8
Miss!
Player One Guessed C10.
Hit!
Player Two Guessed I6
Miss!
Player One Guessed E10.
Hit!
Player Two Guessed D9
Miss!
Player One Guessed F10.
Hit!
SHIP SUNK!
Player One Wins!


Player One Stats:
Hits			 17
Misses			 34
Shots			 51
Hit/Miss Ratio	50.00%
Ships Sunk		  5
Winner?			  1

Player Two Stats:
Hits			 14
Misses			 36
Shots			 50
Hit/Miss Ratio	38.89%
Ships Sunk		  4
Winner?			  0
